INFO: [HLS 200-0] Workspace E:/smez/Training_to_FAEs/hls_interrupt/counterip/solution1 opened at Thu Feb 08 16:41:24 -0700 2018
Execute     config_clock -quiet -name default -period 10 -default=false 
INFO: [SYN 201-201] Setting up clock 'default' with a period of 10ns.
Command     config_clock returned 0; 0 sec.
Execute     open_platform DefaultPlatform 
Command     open_platform returned 0; 0 sec.
Execute     import_lib E:/Xilinx/Vivado/2017.4/common/technology/xilinx/zynquplus/zynquplus 
Execute       source E:/Xilinx/Vivado/2017.4/common/technology/xilinx/common/xilinx.lib 
Execute         source E:/Xilinx/Vivado/2017.4/common/technology/xilinx/interface/xilinx_interface.lib 
Execute           source E:/Xilinx/Vivado/2017.4/common/technology/xilinx/interface/plb46.lib 
Command           ap_source returned 0; 0.001 sec.
Execute           source E:/Xilinx/Vivado/2017.4/common/technology/xilinx/interface/fsl.lib 
Command           ap_source returned 0; 0.001 sec.
Execute           source E:/Xilinx/Vivado/2017.4/common/technology/xilinx/interface/axi4.lib 
Command           ap_source returned 0; 0 sec.
Execute           source E:/Xilinx/Vivado/2017.4/common/technology/xilinx/interface/maxi.lib 
Command           ap_source returned 0; 0.001 sec.
Execute           source E:/Xilinx/Vivado/2017.4/common/technology/xilinx/interface/saxilite.lib 
Command           ap_source returned 0; 0 sec.
Command         ap_source returned 0; 0.003 sec.
Execute         source E:/Xilinx/Vivado/2017.4/common/technology/xilinx/common/dsp48.lib 
Command         ap_source returned 0; 0.001 sec.
Execute         source E:/Xilinx/Vivado/2017.4/common/technology/xilinx/ip/dds_compiler.lib 
Command         ap_source returned 0; 0 sec.
Execute         source E:/Xilinx/Vivado/2017.4/common/technology/xilinx/ip/xfft.lib 
Command         ap_source returned 0; 0.001 sec.
Execute         source E:/Xilinx/Vivado/2017.4/common/technology/xilinx/ip/xfir.lib 
Command         ap_source returned 0; 0 sec.
Command       ap_source returned 0; 0.009 sec.
Execute       source E:/Xilinx/Vivado/2017.4/common/technology/xilinx/common/xilinx_old.lib 
Command       ap_source returned 0; 0.001 sec.
Execute       source E:/Xilinx/Vivado/2017.4/common/technology/xilinx/common/xilinx_vivado.lib 
Command       ap_source returned 0; 0.001 sec.
Execute       source E:/Xilinx/Vivado/2017.4/common/technology/xilinx/common/xilinx.hlp 
Execute         source E:/Xilinx/Vivado/2017.4/common/technology/xilinx/common/target_info.tcl 
Command         ap_source returned 0; 0.002 sec.
Execute         source E:/Xilinx/Vivado/2017.4/common/technology/xilinx/interface/xilinx_interface.hlp 
Execute           source E:/Xilinx/Vivado/2017.4/common/technology/xilinx/interface/maxi.hlp 
Command           ap_source returned 0; 0.001 sec.
Execute           source E:/Xilinx/Vivado/2017.4/common/technology/xilinx/interface/saxilite.hlp 
Command           ap_source returned 0; 0 sec.
Command         ap_source returned 0; 0.001 sec.
Execute         source E:/Xilinx/Vivado/2017.4/common/technology/xilinx/common/dsp48.hlp 
Command         ap_source returned 0; 0.001 sec.
Command       ap_source returned 0; 0.007 sec.
Execute       source E:/Xilinx/Vivado/2017.4/common/technology/xilinx/zynquplus/dsp48e2.hlp 
Command       ap_source returned 0; 0 sec.
Execute       get_default_platform 
Command       get_default_platform returned 0; 0 sec.
Execute       config_chip_info -quiet -resource  {SLICE 34260} {LUT 274080}   {FF 548160}  {DSP48E 2520}  {BRAM 1824} {URAM 0}  
Command       config_chip_info returned 0; 0 sec.
Execute       config_chip_info -quiet -speed medium 
Command       config_chip_info returned 0; 0 sec.
Execute       source E:/Xilinx/Vivado/2017.4/common/technology/xilinx/common/xilinx.hlp 
Execute         source E:/Xilinx/Vivado/2017.4/common/technology/xilinx/common/target_info.tcl 
Command         ap_source returned 0; 0.001 sec.
Execute         source E:/Xilinx/Vivado/2017.4/common/technology/xilinx/interface/xilinx_interface.hlp 
Execute           source E:/Xilinx/Vivado/2017.4/common/technology/xilinx/interface/maxi.hlp 
Command           ap_source returned 0; 0 sec.
Execute           source E:/Xilinx/Vivado/2017.4/common/technology/xilinx/interface/saxilite.hlp 
Command           ap_source returned 0; 0 sec.
Command         ap_source returned 0; 0.002 sec.
Execute         source E:/Xilinx/Vivado/2017.4/common/technology/xilinx/common/dsp48.hlp 
Command         ap_source returned 0; 0.001 sec.
Command       ap_source returned 0; 0.006 sec.
Command     import_lib returned 0; 0.031 sec.
Execute     source E:/Xilinx/Vivado/2017.4/common/technology/xilinx/zynquplus/zynquplus.gen 
Execute       source E:/Xilinx/Vivado/2017.4/common/technology/xilinx/common/virtex.gen 
Execute         source E:/Xilinx/Vivado/2017.4/common/technology/xilinx/common/xilinx.gen 
Execute           source E:/Xilinx/Vivado/2017.4/common/technology/xilinx/interface/plb46.gen 
Command           ap_source returned 0; 0.002 sec.
Execute           source E:/Xilinx/Vivado/2017.4/common/technology/xilinx/interface/fsl.gen 
Command           ap_source returned 0; 0.001 sec.
Execute           source E:/Xilinx/Vivado/2017.4/common/technology/xilinx/interface/axi4.gen 
Command           ap_source returned 0; 0.002 sec.
Execute           source E:/Xilinx/Vivado/2017.4/common/technology/xilinx/interface/nativeAXI4.gen 
Execute             source E:/Xilinx/Vivado/2017.4/common/technology/xilinx/interface/saxilite.gen 
Command             ap_source returned 0; 0.004 sec.
Execute             source E:/Xilinx/Vivado/2017.4/common/technology/xilinx/interface/maxi.gen 
Command             ap_source returned 0; 0.008 sec.
Command           ap_source returned 0; 0.012 sec.
Execute           source E:/Xilinx/Vivado/2017.4/common/technology/xilinx/scripts/xilinxcoregen.gen 
Command           ap_source returned 0; 0.013 sec.
Execute           source E:/Xilinx/Vivado/2017.4/common/technology/xilinx/interface/XilEDKCoreGen.gen 
Command           ap_source returned 0; 0.01 sec.
Execute           source E:/Xilinx/Vivado/2017.4/common/technology/xilinx/ip/dds_compiler.gen 
Command           ap_source returned 0; 0.004 sec.
Execute           source E:/Xilinx/Vivado/2017.4/common/technology/xilinx/ip/util.gen 
Command           ap_source returned 0; 0 sec.
Execute           source E:/Xilinx/Vivado/2017.4/common/technology/xilinx/ip/xfft.gen 
Command           ap_source returned 0; 0.101 sec.
Execute           source E:/Xilinx/Vivado/2017.4/common/technology/xilinx/ip/xfir.gen 
Command           ap_source returned 0; 0.001 sec.
Command         ap_source returned 0; 0.148 sec.
Execute         source E:/Xilinx/Vivado/2017.4/common/technology/xilinx/common/dsp48.gen 
Command         ap_source returned 0; 0 sec.
Command       ap_source returned 0; 0.152 sec.
Command     ap_source returned 0; 0.153 sec.
Execute     open_platform DefaultPlatform 
Command     open_platform returned 0; 0 sec.
Execute     import_lib E:/Xilinx/Vivado/2017.4/common/technology/xilinx/zynquplus/zynquplus_fpv7 
Execute       source E:/Xilinx/Vivado/2017.4/common/technology/xilinx/common/xilinx_fpv7.lib 
Execute         source E:/Xilinx/Vivado/2017.4/common/technology/xilinx/common/xilinx_hp.lib 
Command         ap_source returned 0; 0.001 sec.
Command       ap_source returned 0; 0.004 sec.
Execute       source E:/Xilinx/Vivado/2017.4/common/technology/xilinx/common/xilinx_fpv.hlp 
Execute         source E:/Xilinx/Vivado/2017.4/common/technology/xilinx/common/xilinx.hlp 
Execute           source E:/Xilinx/Vivado/2017.4/common/technology/xilinx/common/target_info.tcl 
Command           ap_source returned 0; 0.005 sec.
Execute           source E:/Xilinx/Vivado/2017.4/common/technology/xilinx/interface/xilinx_interface.hlp 
Execute             source E:/Xilinx/Vivado/2017.4/common/technology/xilinx/interface/maxi.hlp 
Command             ap_source returned 0; 0.001 sec.
Execute             source E:/Xilinx/Vivado/2017.4/common/technology/xilinx/interface/saxilite.hlp 
Command             ap_source returned 0; 0 sec.
Command           ap_source returned 0; 0.001 sec.
Execute           source E:/Xilinx/Vivado/2017.4/common/technology/xilinx/common/dsp48.hlp 
Command           ap_source returned 0; 0.001 sec.
Command         ap_source returned 0; 0.009 sec.
Command       ap_source returned 0; 0.011 sec.
Execute       source E:/Xilinx/Vivado/2017.4/common/technology/xilinx/zynquplus/zynquplus_hp.hlp 
Command       ap_source returned 0; 0.002 sec.
Command     import_lib returned 0; 0.029 sec.
Execute     source E:/Xilinx/Vivado/2017.4/common/technology/xilinx/zynquplus/zynquplus_fpv7.gen 
Execute       source E:/Xilinx/Vivado/2017.4/common/technology/xilinx/common/xilinx_fpv6.gen 
Command       ap_source returned 0; 0.002 sec.
Command     ap_source returned 0; 0.002 sec.
Execute     set_part xczu9eg-ffvb1156-2-i 
Execute       add_library xilinx/zynquplus/zynquplus:xczu9eg:-ffvb1156:-2-i 
Execute         get_default_platform 
Command         get_default_platform returned 0; 0 sec.
Execute         license_isbetapart xczu9eg 
Command         license_isbetapart returned 1; 0.046 sec.
Execute         get_default_platform 
Command         get_default_platform returned 0; 0 sec.
Execute         config_chip_info -quiet -resource  {SLICE 34260} {LUT 274080}   {FF 548160}  {DSP48E 2520}  {BRAM 1824} {URAM 0}  
Command         config_chip_info returned 0; 0 sec.
Execute         config_chip_info -quiet -speed medium 
Command         config_chip_info returned 0; 0 sec.
Command       add_library returned 0; 0.057 sec.
Execute       add_library xilinx/zynquplus/zynquplus_fpv7 
Execute         get_default_platform 
Command         get_default_platform returned 0; 0 sec.
Command       add_library returned 0; 0.006 sec.
INFO: [HLS 200-10] Setting target device to 'xczu9eg-ffvb1156-2-i'
Execute       get_default_platform 
Command       get_default_platform returned 0; 0 sec.
Command     set_part returned 0; 0.11 sec.
Execute     get_default_platform 
Command     get_default_platform returned 0; 0 sec.
Execute     config_chip_info -quiet -resource  {SLICE 34260} {LUT 274080}   {FF 548160}  {DSP48E 2520}  {BRAM 1824} {URAM 0}  
Command     config_chip_info returned 0; 0 sec.
Execute     config_chip_info -quiet -speed medium 
Command     config_chip_info returned 0; 0 sec.
Command   open_solution returned 0; 0.363 sec.
Execute   export_design -rtl verilog -format ip_catalog 
Execute     source E:/smez/Training_to_FAEs/hls_interrupt/counterip/solution1/.autopilot/db/global.setting.tcl 
Command     ap_source returned 0; 0.002 sec.
Execute     source E:/Xilinx/Vivado/2017.4/common/technology/generic/autopilot/common.gen 
Execute       source E:/Xilinx/Vivado/2017.4/common/technology/generic/autopilot/APCoreGen.gen 
Command       ap_source returned 0; 0.001 sec.
Command     ap_source returned 0; 0.002 sec.
Execute     source E:/Xilinx/Vivado/2017.4/common/technology/generic/autopilot/op.gen 
Command     ap_source returned 0; 0.001 sec.
Execute     source E:/Xilinx/Vivado/2017.4/common/technology/generic/autopilot/op_simcore.gen 
Command     ap_source returned 0; 0.001 sec.
Execute     source E:/Xilinx/Vivado/2017.4/common/technology/generic/autopilot/interface.gen 
Command     ap_source returned 0; 0 sec.
Execute     source E:/smez/Training_to_FAEs/hls_interrupt/counterip/solution1/.autopilot/db/global.setting.tcl 
Command     ap_source returned 0; 0.002 sec.
Execute     source E:/Xilinx/Vivado/2017.4/common/technology/xilinx/zynquplus/zynquplus.gen 
Execute       source E:/Xilinx/Vivado/2017.4/common/technology/xilinx/common/virtex.gen 
Execute         source E:/Xilinx/Vivado/2017.4/common/technology/xilinx/common/xilinx.gen 
Execute           source E:/Xilinx/Vivado/2017.4/common/technology/xilinx/interface/plb46.gen 
Command           ap_source returned 0; 0.001 sec.
Execute           source E:/Xilinx/Vivado/2017.4/common/technology/xilinx/interface/fsl.gen 
Command           ap_source returned 0; 0.001 sec.
Execute           source E:/Xilinx/Vivado/2017.4/common/technology/xilinx/interface/axi4.gen 
Command           ap_source returned 0; 0.002 sec.
Execute           source E:/Xilinx/Vivado/2017.4/common/technology/xilinx/interface/nativeAXI4.gen 
Execute             source E:/Xilinx/Vivado/2017.4/common/technology/xilinx/interface/saxilite.gen 
Command             ap_source returned 0; 0.004 sec.
Execute             source E:/Xilinx/Vivado/2017.4/common/technology/xilinx/interface/maxi.gen 
Command             ap_source returned 0; 0.01 sec.
Command           ap_source returned 0; 0.014 sec.
Execute           source E:/Xilinx/Vivado/2017.4/common/technology/xilinx/scripts/xilinxcoregen.gen 
Command           ap_source returned 0; 0.015 sec.
Execute           source E:/Xilinx/Vivado/2017.4/common/technology/xilinx/interface/XilEDKCoreGen.gen 
Command           ap_source returned 0; 0.009 sec.
Execute           source E:/Xilinx/Vivado/2017.4/common/technology/xilinx/ip/dds_compiler.gen 
Command           ap_source returned 0; 0.004 sec.
Execute           source E:/Xilinx/Vivado/2017.4/common/technology/xilinx/ip/util.gen 
Command           ap_source returned 0; 0 sec.
Execute           source E:/Xilinx/Vivado/2017.4/common/technology/xilinx/ip/xfft.gen 
Command           ap_source returned 0; 0.093 sec.
Execute           source E:/Xilinx/Vivado/2017.4/common/technology/xilinx/ip/xfir.gen 
Command           ap_source returned 0; 0.001 sec.
Command         ap_source returned 0; 0.142 sec.
Execute         source E:/Xilinx/Vivado/2017.4/common/technology/xilinx/common/dsp48.gen 
Command         ap_source returned 0; 0 sec.
Command       ap_source returned 0; 0.145 sec.
Command     ap_source returned 0; 0.146 sec.
Execute     source E:/Xilinx/Vivado/2017.4/common/technology/xilinx/zynquplus/zynquplus_fpv7.gen 
Execute       source E:/Xilinx/Vivado/2017.4/common/technology/xilinx/common/xilinx_fpv6.gen 
Command       ap_source returned 0; 0.002 sec.
Command     ap_source returned 0; 0.002 sec.
Execute     source E:/smez/Training_to_FAEs/hls_interrupt/counterip/solution1/.autopilot/db/global.setting.tcl 
Command     ap_source returned 0; 0.002 sec.
INFO: [IMPL 213-8] Exporting RTL as a Vivado IP.
Execute     source E:/smez/Training_to_FAEs/hls_interrupt/counterip/solution1/.autopilot/db/global.setting.tcl 
Command     ap_source returned 0; 0.003 sec.
Execute     source E:/smez/Training_to_FAEs/hls_interrupt/counterip/solution1/.autopilot/db/global.setting.tcl 
Command     ap_source returned 0; 0.001 sec.
Execute     source E:/Xilinx/Vivado/2017.4/common/technology/generic/autopilot/common.gen 
Execute       source E:/Xilinx/Vivado/2017.4/common/technology/generic/autopilot/APCoreGen.gen 
Command       ap_source returned 0; 0.001 sec.
Command     ap_source returned 0; 0.002 sec.
Execute     source E:/Xilinx/Vivado/2017.4/common/technology/generic/autopilot/op.gen 
Command     ap_source returned 0; 0 sec.
Execute     source E:/Xilinx/Vivado/2017.4/common/technology/generic/autopilot/op_simcore.gen 
Command     ap_source returned 0; 0.001 sec.
Execute     source E:/Xilinx/Vivado/2017.4/common/technology/generic/autopilot/interface.gen 
Command     ap_source returned 0; 0 sec.
Execute     source E:/smez/Training_to_FAEs/hls_interrupt/counterip/solution1/.autopilot/db/global.setting.tcl 
Command     ap_source returned 0; 0.002 sec.
Execute     source E:/Xilinx/Vivado/2017.4/common/technology/xilinx/zynquplus/zynquplus.gen 
Execute       source E:/Xilinx/Vivado/2017.4/common/technology/xilinx/common/virtex.gen 
Execute         source E:/Xilinx/Vivado/2017.4/common/technology/xilinx/common/xilinx.gen 
Execute           source E:/Xilinx/Vivado/2017.4/common/technology/xilinx/interface/plb46.gen 
Command           ap_source returned 0; 0.001 sec.
Execute           source E:/Xilinx/Vivado/2017.4/common/technology/xilinx/interface/fsl.gen 
Command           ap_source returned 0; 0.001 sec.
Execute           source E:/Xilinx/Vivado/2017.4/common/technology/xilinx/interface/axi4.gen 
Command           ap_source returned 0; 0.002 sec.
Execute           source E:/Xilinx/Vivado/2017.4/common/technology/xilinx/interface/nativeAXI4.gen 
Execute             source E:/Xilinx/Vivado/2017.4/common/technology/xilinx/interface/saxilite.gen 
Command             ap_source returned 0; 0.003 sec.
Execute             source E:/Xilinx/Vivado/2017.4/common/technology/xilinx/interface/maxi.gen 
Command             ap_source returned 0; 0.007 sec.
Command           ap_source returned 0; 0.012 sec.
Execute           source E:/Xilinx/Vivado/2017.4/common/technology/xilinx/scripts/xilinxcoregen.gen 
Command           ap_source returned 0; 0.013 sec.
Execute           source E:/Xilinx/Vivado/2017.4/common/technology/xilinx/interface/XilEDKCoreGen.gen 
Command           ap_source returned 0; 0.008 sec.
Execute           source E:/Xilinx/Vivado/2017.4/common/technology/xilinx/ip/dds_compiler.gen 
Command           ap_source returned 0; 0.004 sec.
Execute           source E:/Xilinx/Vivado/2017.4/common/technology/xilinx/ip/util.gen 
Command           ap_source returned 0; 0 sec.
Execute           source E:/Xilinx/Vivado/2017.4/common/technology/xilinx/ip/xfft.gen 
Command           ap_source returned 0; 0.096 sec.
Execute           source E:/Xilinx/Vivado/2017.4/common/technology/xilinx/ip/xfir.gen 
Command           ap_source returned 0; 0.001 sec.
Command         ap_source returned 0; 0.14 sec.
Execute         source E:/Xilinx/Vivado/2017.4/common/technology/xilinx/common/dsp48.gen 
Command         ap_source returned 0; 0 sec.
Command       ap_source returned 0; 0.144 sec.
Command     ap_source returned 0; 0.144 sec.
Execute     source E:/Xilinx/Vivado/2017.4/common/technology/xilinx/zynquplus/zynquplus_fpv7.gen 
Execute       source E:/Xilinx/Vivado/2017.4/common/technology/xilinx/common/xilinx_fpv6.gen 
Command       ap_source returned 0; 0.003 sec.
Command     ap_source returned 0; 0.004 sec.
Execute     source E:/smez/Training_to_FAEs/hls_interrupt/counterip/solution1/.autopilot/db/counterip.rtl_wrap.cfg.tcl 
Command     ap_source returned 0; 0.002 sec.
Execute     source E:/smez/Training_to_FAEs/hls_interrupt/counterip/solution1/.autopilot/db/counterip.rtl_wrap.cfg.tcl 
Command     ap_source returned 0; 0.003 sec.
Execute     source E:/smez/Training_to_FAEs/hls_interrupt/counterip/solution1/.autopilot/db/counterip.rtl_wrap.cfg.tcl 
Command     ap_source returned 0; 0.002 sec.
Execute     source E:/smez/Training_to_FAEs/hls_interrupt/counterip/solution1/.autopilot/db/counterip.tbgen.tcl 
Command     ap_source returned 0; 0.002 sec.
Execute     source E:/smez/Training_to_FAEs/hls_interrupt/counterip/solution1/.autopilot/db/counterip.tbgen.tcl 
Command     ap_source returned 0; 0.002 sec.
Execute     source E:/smez/Training_to_FAEs/hls_interrupt/counterip/solution1/.autopilot/db/global.setting.tcl 
Command     ap_source returned 0; 0.002 sec.
Execute     source E:/smez/Training_to_FAEs/hls_interrupt/counterip/solution1/.autopilot/db/counterip.compgen.tcl 
Command     ap_source returned 0; 0.002 sec.
Execute     source E:/smez/Training_to_FAEs/hls_interrupt/counterip/solution1/.autopilot/db/global.setting.tcl 
Command     ap_source returned 0; 0.002 sec.
Execute     source E:/smez/Training_to_FAEs/hls_interrupt/counterip/solution1/.autopilot/db/counterip.compgen.tcl 
Command     ap_source returned 0; 0.021 sec.
Execute     source E:/smez/Training_to_FAEs/hls_interrupt/counterip/solution1/.autopilot/db/global.setting.tcl 
Command     ap_source returned 0; 0.002 sec.
Execute     source E:/smez/Training_to_FAEs/hls_interrupt/counterip/solution1/.autopilot/db/counterip.compgen.tcl 
Command     ap_source returned 0; 0.002 sec.
Execute     source E:/smez/Training_to_FAEs/hls_interrupt/counterip/solution1/.autopilot/db/global.setting.tcl 
Command     ap_source returned 0; 0.002 sec.
Execute     source E:/smez/Training_to_FAEs/hls_interrupt/counterip/solution1/.autopilot/db/counterip.constraint.tcl 
Command     ap_source returned 0; 0.002 sec.
Execute     source E:/smez/Training_to_FAEs/hls_interrupt/counterip/solution1/.autopilot/db/counterip.tbgen.tcl 
Command     ap_source returned 0; 0.003 sec.
Execute     source E:/smez/Training_to_FAEs/hls_interrupt/counterip/solution1/.autopilot/db/global.setting.tcl 
Command     ap_source returned 0; 0.006 sec.
Execute     source E:/smez/Training_to_FAEs/hls_interrupt/counterip/solution1/.autopilot/db/counterip.tbgen.tcl 
Command     ap_source returned 0; 0.002 sec.
Execute     source E:/smez/Training_to_FAEs/hls_interrupt/counterip/solution1/.autopilot/db/counterip.tbgen.tcl 
Command     ap_source returned 0; 0.002 sec.
Execute     source E:/smez/Training_to_FAEs/hls_interrupt/counterip/solution1/.autopilot/db/counterip.tbgen.tcl 
Command     ap_source returned 0; 0.002 sec.
Execute     source E:/smez/Training_to_FAEs/hls_interrupt/counterip/solution1/.autopilot/db/counterip.tbgen.tcl 
Command     ap_source returned 0; 0.002 sec.
Execute     source E:/smez/Training_to_FAEs/hls_interrupt/counterip/solution1/.autopilot/db/counterip.tbgen.tcl 
Command     ap_source returned 0; 0.002 sec.
Execute     source E:/smez/Training_to_FAEs/hls_interrupt/counterip/solution1/.autopilot/db/counterip.tbgen.tcl 
Command     ap_source returned 0; 0.002 sec.
Execute     source E:/smez/Training_to_FAEs/hls_interrupt/counterip/solution1/.autopilot/db/counterip.tbgen.tcl 
Command     ap_source returned 0; 0.003 sec.
Execute     source E:/smez/Training_to_FAEs/hls_interrupt/counterip/solution1/.autopilot/db/global.setting.tcl 
Command     ap_source returned 0; 0.002 sec.
Execute     source E:/smez/Training_to_FAEs/hls_interrupt/counterip/solution1/.autopilot/db/global.setting.tcl 
Command     ap_source returned 0; 0.002 sec.
Execute     source E:/smez/Training_to_FAEs/hls_interrupt/counterip/solution1/.autopilot/db/counterip.rtl_wrap.cfg.tcl 
Command     ap_source returned 0; 0.003 sec.
Execute     source E:/smez/Training_to_FAEs/hls_interrupt/counterip/solution1/.autopilot/db/counterip.rtl_wrap.cfg.tcl 
Command     ap_source returned 0; 0.003 sec.
Execute     source E:/smez/Training_to_FAEs/hls_interrupt/counterip/solution1/.autopilot/db/counterip.rtl_wrap.cfg.tcl 
Command     ap_source returned 0; 0.002 sec.
Execute     source E:/smez/Training_to_FAEs/hls_interrupt/counterip/solution1/.autopilot/db/counterip.tbgen.tcl 
Command     ap_source returned 0; 0.002 sec.
Execute     source E:/smez/Training_to_FAEs/hls_interrupt/counterip/solution1/.autopilot/db/counterip.tbgen.tcl 
Command     ap_source returned 0; 0.002 sec.
Execute     source E:/smez/Training_to_FAEs/hls_interrupt/counterip/solution1/.autopilot/db/counterip.tbgen.tcl 
Command     ap_source returned 0; 0.002 sec.
Execute     source E:/smez/Training_to_FAEs/hls_interrupt/counterip/solution1/.autopilot/db/counterip.rtl_wrap.cfg.tcl 
Command     ap_source returned 0; 0.002 sec.
Execute     source E:/smez/Training_to_FAEs/hls_interrupt/counterip/solution1/.autopilot/db/counterip.rtl_wrap.cfg.tcl 
Command     ap_source returned 0; 0.003 sec.
Execute     source E:/smez/Training_to_FAEs/hls_interrupt/counterip/solution1/.autopilot/db/counterip.rtl_wrap.cfg.tcl 
Command     ap_source returned 0; 0.002 sec.
Execute     source E:/smez/Training_to_FAEs/hls_interrupt/counterip/solution1/.autopilot/db/counterip.tbgen.tcl 
Command     ap_source returned 0; 0.002 sec.
Execute     source E:/smez/Training_to_FAEs/hls_interrupt/counterip/solution1/.autopilot/db/counterip.tbgen.tcl 
Command     ap_source returned 0; 0.003 sec.
Execute     source E:/smez/Training_to_FAEs/hls_interrupt/counterip/solution1/.autopilot/db/global.setting.tcl 
Command     ap_source returned 0; 0.003 sec.
Execute     source E:/smez/Training_to_FAEs/hls_interrupt/counterip/solution1/.autopilot/db/counterip.tbgen.tcl 
Command     ap_source returned 0; 0.003 sec.
Execute     source E:/smez/Training_to_FAEs/hls_interrupt/counterip/solution1/.autopilot/db/global.setting.tcl 
Command     ap_source returned 0; 0.002 sec.
Execute     source E:/smez/Training_to_FAEs/hls_interrupt/counterip/solution1/.autopilot/db/counterip.constraint.tcl 
Command     ap_source returned 0; 0.002 sec.
Execute     source E:/smez/Training_to_FAEs/hls_interrupt/counterip/solution1/.autopilot/db/global.setting.tcl 
Command     ap_source returned 0; 0.002 sec.
Execute     source E:/smez/Training_to_FAEs/hls_interrupt/counterip/solution1/.autopilot/db/global.setting.tcl 
Command     ap_source returned 0; 0.002 sec.
Execute     source E:/smez/Training_to_FAEs/hls_interrupt/counterip/solution1/.autopilot/db/counterip.constraint.tcl 
Command     ap_source returned 0; 0.002 sec.
Execute     source E:/smez/Training_to_FAEs/hls_interrupt/counterip/solution1/.autopilot/db/counterip.tbgen.tcl 
Command     ap_source returned 0; 0.003 sec.
Execute     source E:/smez/Training_to_FAEs/hls_interrupt/counterip/solution1/.autopilot/db/global.setting.tcl 
Command     ap_source returned 0; 0.002 sec.
Execute     source E:/smez/Training_to_FAEs/hls_interrupt/counterip/solution1/.autopilot/db/counterip.constraint.tcl 
Command     ap_source returned 0; 0.002 sec.
Execute     source E:/smez/Training_to_FAEs/hls_interrupt/counterip/solution1/.autopilot/db/counterip.tbgen.tcl 
Command     ap_source returned 0; 0.002 sec.
Execute     source E:/smez/Training_to_FAEs/hls_interrupt/counterip/solution1/.autopilot/db/global.setting.tcl 
Command     ap_source returned 0; 0.002 sec.
Execute     source E:/Xilinx/Vivado/2017.4/common/technology/generic/autopilot/common.gen 
Execute       source E:/Xilinx/Vivado/2017.4/common/technology/generic/autopilot/APCoreGen.gen 
Command       ap_source returned 0; 0.001 sec.
Command     ap_source returned 0; 0.002 sec.
Execute     source E:/Xilinx/Vivado/2017.4/common/technology/generic/autopilot/op.gen 
Command     ap_source returned 0; 0.001 sec.
Execute     source E:/Xilinx/Vivado/2017.4/common/technology/generic/autopilot/op_simcore.gen 
Command     ap_source returned 0; 0.002 sec.
Execute     source E:/Xilinx/Vivado/2017.4/common/technology/generic/autopilot/interface.gen 
Command     ap_source returned 0; 0 sec.
Execute     source E:/smez/Training_to_FAEs/hls_interrupt/counterip/solution1/.autopilot/db/global.setting.tcl 
Command     ap_source returned 0; 0.002 sec.
Execute     source E:/Xilinx/Vivado/2017.4/common/technology/xilinx/zynquplus/zynquplus.gen 
Execute       source E:/Xilinx/Vivado/2017.4/common/technology/xilinx/common/virtex.gen 
Execute         source E:/Xilinx/Vivado/2017.4/common/technology/xilinx/common/xilinx.gen 
Execute           source E:/Xilinx/Vivado/2017.4/common/technology/xilinx/interface/plb46.gen 
Command           ap_source returned 0; 0.002 sec.
Execute           source E:/Xilinx/Vivado/2017.4/common/technology/xilinx/interface/fsl.gen 
Command           ap_source returned 0; 0.001 sec.
Execute           source E:/Xilinx/Vivado/2017.4/common/technology/xilinx/interface/axi4.gen 
Command           ap_source returned 0; 0.003 sec.
Execute           source E:/Xilinx/Vivado/2017.4/common/technology/xilinx/interface/nativeAXI4.gen 
Execute             source E:/Xilinx/Vivado/2017.4/common/technology/xilinx/interface/saxilite.gen 
Command             ap_source returned 0; 0.005 sec.
Execute             source E:/Xilinx/Vivado/2017.4/common/technology/xilinx/interface/maxi.gen 
Command             ap_source returned 0; 0.012 sec.
Command           ap_source returned 0; 0.018 sec.
Execute           source E:/Xilinx/Vivado/2017.4/common/technology/xilinx/scripts/xilinxcoregen.gen 
Command           ap_source returned 0; 0.012 sec.
Execute           source E:/Xilinx/Vivado/2017.4/common/technology/xilinx/interface/XilEDKCoreGen.gen 
Command           ap_source returned 0; 0.01 sec.
Execute           source E:/Xilinx/Vivado/2017.4/common/technology/xilinx/ip/dds_compiler.gen 
Command           ap_source returned 0; 0.004 sec.
Execute           source E:/Xilinx/Vivado/2017.4/common/technology/xilinx/ip/util.gen 
Command           ap_source returned 0; 0 sec.
Execute           source E:/Xilinx/Vivado/2017.4/common/technology/xilinx/ip/xfft.gen 
Command           ap_source returned 0; 0.106 sec.
Execute           source E:/Xilinx/Vivado/2017.4/common/technology/xilinx/ip/xfir.gen 
Command           ap_source returned 0; 0.001 sec.
Command         ap_source returned 0; 0.159 sec.
Execute         source E:/Xilinx/Vivado/2017.4/common/technology/xilinx/common/dsp48.gen 
Command         ap_source returned 0; 0 sec.
Command       ap_source returned 0; 0.164 sec.
Command     ap_source returned 0; 0.164 sec.
Execute     source E:/Xilinx/Vivado/2017.4/common/technology/xilinx/zynquplus/zynquplus_fpv7.gen 
Execute       source E:/Xilinx/Vivado/2017.4/common/technology/xilinx/common/xilinx_fpv6.gen 
Command       ap_source returned 0; 0.002 sec.
Command     ap_source returned 0; 0.002 sec.
Execute     source E:/smez/Training_to_FAEs/hls_interrupt/counterip/solution1/.autopilot/db/global.setting.tcl 
Command     ap_source returned 0; 0.003 sec.
Execute     source E:/Xilinx/Vivado/2017.4/common/technology/generic/autopilot/common.gen 
Execute       source E:/Xilinx/Vivado/2017.4/common/technology/generic/autopilot/APCoreGen.gen 
Command       ap_source returned 0; 0 sec.
Command     ap_source returned 0; 0.002 sec.
Execute     source E:/Xilinx/Vivado/2017.4/common/technology/generic/autopilot/op.gen 
Command     ap_source returned 0; 0.001 sec.
Execute     source E:/Xilinx/Vivado/2017.4/common/technology/generic/autopilot/op_simcore.gen 
Command     ap_source returned 0; 0.001 sec.
Execute     source E:/Xilinx/Vivado/2017.4/common/technology/generic/autopilot/interface.gen 
Command     ap_source returned 0; 0 sec.
Execute     source E:/smez/Training_to_FAEs/hls_interrupt/counterip/solution1/.autopilot/db/global.setting.tcl 
Command     ap_source returned 0; 0.001 sec.
Execute     source E:/Xilinx/Vivado/2017.4/common/technology/xilinx/zynquplus/zynquplus.gen 
Execute       source E:/Xilinx/Vivado/2017.4/common/technology/xilinx/common/virtex.gen 
Execute         source E:/Xilinx/Vivado/2017.4/common/technology/xilinx/common/xilinx.gen 
Execute           source E:/Xilinx/Vivado/2017.4/common/technology/xilinx/interface/plb46.gen 
Command           ap_source returned 0; 0.001 sec.
Execute           source E:/Xilinx/Vivado/2017.4/common/technology/xilinx/interface/fsl.gen 
Command           ap_source returned 0; 0.001 sec.
Execute           source E:/Xilinx/Vivado/2017.4/common/technology/xilinx/interface/axi4.gen 
Command           ap_source returned 0; 0.003 sec.
Execute           source E:/Xilinx/Vivado/2017.4/common/technology/xilinx/interface/nativeAXI4.gen 
Execute             source E:/Xilinx/Vivado/2017.4/common/technology/xilinx/interface/saxilite.gen 
Command             ap_source returned 0; 0.004 sec.
Execute             source E:/Xilinx/Vivado/2017.4/common/technology/xilinx/interface/maxi.gen 
Command             ap_source returned 0; 0.008 sec.
Command           ap_source returned 0; 0.012 sec.
Execute           source E:/Xilinx/Vivado/2017.4/common/technology/xilinx/scripts/xilinxcoregen.gen 
Command           ap_source returned 0; 0.013 sec.
Execute           source E:/Xilinx/Vivado/2017.4/common/technology/xilinx/interface/XilEDKCoreGen.gen 
Command           ap_source returned 0; 0.011 sec.
Execute           source E:/Xilinx/Vivado/2017.4/common/technology/xilinx/ip/dds_compiler.gen 
Command           ap_source returned 0; 0.003 sec.
Execute           source E:/Xilinx/Vivado/2017.4/common/technology/xilinx/ip/util.gen 
Command           ap_source returned 0; 0 sec.
Execute           source E:/Xilinx/Vivado/2017.4/common/technology/xilinx/ip/xfft.gen 
Command           ap_source returned 0; 0.106 sec.
Execute           source E:/Xilinx/Vivado/2017.4/common/technology/xilinx/ip/xfir.gen 
Command           ap_source returned 0; 0.001 sec.
Command         ap_source returned 0; 0.154 sec.
Execute         source E:/Xilinx/Vivado/2017.4/common/technology/xilinx/common/dsp48.gen 
Command         ap_source returned 0; 0.001 sec.
Command       ap_source returned 0; 0.158 sec.
Command     ap_source returned 0; 0.159 sec.
Execute     source E:/Xilinx/Vivado/2017.4/common/technology/xilinx/zynquplus/zynquplus_fpv7.gen 
Execute       source E:/Xilinx/Vivado/2017.4/common/technology/xilinx/common/xilinx_fpv6.gen 
Command       ap_source returned 0; 0.004 sec.
Command     ap_source returned 0; 0.004 sec.
Execute     source E:/smez/Training_to_FAEs/hls_interrupt/counterip/solution1/.autopilot/db/global.setting.tcl 
Command     ap_source returned 0; 0.002 sec.
Execute     source E:/smez/Training_to_FAEs/hls_interrupt/counterip/solution1/.autopilot/db/global.setting.tcl 
Command     ap_source returned 0; 0.002 sec.
Execute     source E:/smez/Training_to_FAEs/hls_interrupt/counterip/solution1/.autopilot/db/global.setting.tcl 
Command     ap_source returned 0; 0.003 sec.
Execute     source E:/Xilinx/Vivado/2017.4/common/technology/generic/autopilot/common.gen 
Execute       source E:/Xilinx/Vivado/2017.4/common/technology/generic/autopilot/APCoreGen.gen 
Command       ap_source returned 0; 0.001 sec.
Command     ap_source returned 0; 0.003 sec.
Execute     source E:/Xilinx/Vivado/2017.4/common/technology/generic/autopilot/op.gen 
Command     ap_source returned 0; 0.001 sec.
Execute     source E:/Xilinx/Vivado/2017.4/common/technology/generic/autopilot/op_simcore.gen 
Command     ap_source returned 0; 0.002 sec.
Execute     source E:/Xilinx/Vivado/2017.4/common/technology/generic/autopilot/interface.gen 
Command     ap_source returned 0; 0 sec.
Execute     source E:/smez/Training_to_FAEs/hls_interrupt/counterip/solution1/.autopilot/db/global.setting.tcl 
Command     ap_source returned 0; 0.003 sec.
Execute     source E:/Xilinx/Vivado/2017.4/common/technology/xilinx/zynquplus/zynquplus.gen 
Execute       source E:/Xilinx/Vivado/2017.4/common/technology/xilinx/common/virtex.gen 
Execute         source E:/Xilinx/Vivado/2017.4/common/technology/xilinx/common/xilinx.gen 
Execute           source E:/Xilinx/Vivado/2017.4/common/technology/xilinx/interface/plb46.gen 
Command           ap_source returned 0; 0.001 sec.
Execute           source E:/Xilinx/Vivado/2017.4/common/technology/xilinx/interface/fsl.gen 
Command           ap_source returned 0; 0.001 sec.
Execute           source E:/Xilinx/Vivado/2017.4/common/technology/xilinx/interface/axi4.gen 
Command           ap_source returned 0; 0.002 sec.
Execute           source E:/Xilinx/Vivado/2017.4/common/technology/xilinx/interface/nativeAXI4.gen 
Execute             source E:/Xilinx/Vivado/2017.4/common/technology/xilinx/interface/saxilite.gen 
Command             ap_source returned 0; 0.004 sec.
Execute             source E:/Xilinx/Vivado/2017.4/common/technology/xilinx/interface/maxi.gen 
Command             ap_source returned 0; 0.008 sec.
Command           ap_source returned 0; 0.013 sec.
Execute           source E:/Xilinx/Vivado/2017.4/common/technology/xilinx/scripts/xilinxcoregen.gen 
Command           ap_source returned 0; 0.012 sec.
Execute           source E:/Xilinx/Vivado/2017.4/common/technology/xilinx/interface/XilEDKCoreGen.gen 
Command           ap_source returned 0; 0.009 sec.
Execute           source E:/Xilinx/Vivado/2017.4/common/technology/xilinx/ip/dds_compiler.gen 
Command           ap_source returned 0; 0.004 sec.
Execute           source E:/Xilinx/Vivado/2017.4/common/technology/xilinx/ip/util.gen 
Command           ap_source returned 0; 0.001 sec.
Execute           source E:/Xilinx/Vivado/2017.4/common/technology/xilinx/ip/xfft.gen 
Command           ap_source returned 0; 0.1 sec.
Execute           source E:/Xilinx/Vivado/2017.4/common/technology/xilinx/ip/xfir.gen 
Command           ap_source returned 0; 0.001 sec.
Command         ap_source returned 0; 0.146 sec.
Execute         source E:/Xilinx/Vivado/2017.4/common/technology/xilinx/common/dsp48.gen 
Command         ap_source returned 0; 0 sec.
Command       ap_source returned 0; 0.15 sec.
Command     ap_source returned 0; 0.151 sec.
Execute     source E:/Xilinx/Vivado/2017.4/common/technology/xilinx/zynquplus/zynquplus_fpv7.gen 
Execute       source E:/Xilinx/Vivado/2017.4/common/technology/xilinx/common/xilinx_fpv6.gen 
Command       ap_source returned 0; 0.003 sec.
Command     ap_source returned 0; 0.003 sec.
Execute     source E:/smez/Training_to_FAEs/hls_interrupt/counterip/solution1/.autopilot/db/global.setting.tcl 
Command     ap_source returned 0; 0.005 sec.
Execute     source E:/smez/Training_to_FAEs/hls_interrupt/counterip/solution1/.autopilot/db/counterip.compgen.tcl 
Command     ap_source returned 0; 0.002 sec.
Execute     source E:/smez/Training_to_FAEs/hls_interrupt/counterip/solution1/.autopilot/db/global.setting.tcl 
Command     ap_source returned 0; 0.002 sec.
Execute     source E:/smez/Training_to_FAEs/hls_interrupt/counterip/solution1/.autopilot/db/counterip.constraint.tcl 
Command     ap_source returned 0; 0.002 sec.
Execute     source E:/smez/Training_to_FAEs/hls_interrupt/counterip/solution1/.autopilot/db/counterip.tbgen.tcl 
Command     ap_source returned 0; 0.002 sec.
Execute     source E:/smez/Training_to_FAEs/hls_interrupt/counterip/solution1/.autopilot/db/global.setting.tcl 
Command     ap_source returned 0; 0.002 sec.
Execute     source E:/Xilinx/Vivado/2017.4/common/technology/generic/autopilot/common.gen 
Execute       source E:/Xilinx/Vivado/2017.4/common/technology/generic/autopilot/APCoreGen.gen 
Command       ap_source returned 0; 0.001 sec.
Command     ap_source returned 0; 0.002 sec.
Execute     source E:/Xilinx/Vivado/2017.4/common/technology/generic/autopilot/op.gen 
Command     ap_source returned 0; 0.001 sec.
Execute     source E:/Xilinx/Vivado/2017.4/common/technology/generic/autopilot/op_simcore.gen 
Command     ap_source returned 0; 0.001 sec.
Execute     source E:/Xilinx/Vivado/2017.4/common/technology/generic/autopilot/interface.gen 
Command     ap_source returned 0; 0.001 sec.
Execute     source E:/smez/Training_to_FAEs/hls_interrupt/counterip/solution1/.autopilot/db/global.setting.tcl 
Command     ap_source returned 0; 0.002 sec.
Execute     source E:/Xilinx/Vivado/2017.4/common/technology/xilinx/zynquplus/zynquplus.gen 
Execute       source E:/Xilinx/Vivado/2017.4/common/technology/xilinx/common/virtex.gen 
Execute         source E:/Xilinx/Vivado/2017.4/common/technology/xilinx/common/xilinx.gen 
Execute           source E:/Xilinx/Vivado/2017.4/common/technology/xilinx/interface/plb46.gen 
Command           ap_source returned 0; 0.002 sec.
Execute           source E:/Xilinx/Vivado/2017.4/common/technology/xilinx/interface/fsl.gen 
Command           ap_source returned 0; 0.001 sec.
Execute           source E:/Xilinx/Vivado/2017.4/common/technology/xilinx/interface/axi4.gen 
Command           ap_source returned 0; 0.002 sec.
Execute           source E:/Xilinx/Vivado/2017.4/common/technology/xilinx/interface/nativeAXI4.gen 
Execute             source E:/Xilinx/Vivado/2017.4/common/technology/xilinx/interface/saxilite.gen 
Command             ap_source returned 0; 0.004 sec.
Execute             source E:/Xilinx/Vivado/2017.4/common/technology/xilinx/interface/maxi.gen 
Command             ap_source returned 0; 0.008 sec.
Command           ap_source returned 0; 0.012 sec.
Execute           source E:/Xilinx/Vivado/2017.4/common/technology/xilinx/scripts/xilinxcoregen.gen 
Command           ap_source returned 0; 0.012 sec.
Execute           source E:/Xilinx/Vivado/2017.4/common/technology/xilinx/interface/XilEDKCoreGen.gen 
Command           ap_source returned 0; 0.01 sec.
Execute           source E:/Xilinx/Vivado/2017.4/common/technology/xilinx/ip/dds_compiler.gen 
Command           ap_source returned 0; 0.003 sec.
Execute           source E:/Xilinx/Vivado/2017.4/common/technology/xilinx/ip/util.gen 
Command           ap_source returned 0; 0.001 sec.
Execute           source E:/Xilinx/Vivado/2017.4/common/technology/xilinx/ip/xfft.gen 
Command           ap_source returned 0; 0.101 sec.
Execute           source E:/Xilinx/Vivado/2017.4/common/technology/xilinx/ip/xfir.gen 
Command           ap_source returned 0; 0.001 sec.
Command         ap_source returned 0; 0.147 sec.
Execute         source E:/Xilinx/Vivado/2017.4/common/technology/xilinx/common/dsp48.gen 
Command         ap_source returned 0; 0.001 sec.
Command       ap_source returned 0; 0.15 sec.
Command     ap_source returned 0; 0.15 sec.
Execute     source E:/Xilinx/Vivado/2017.4/common/technology/xilinx/zynquplus/zynquplus_fpv7.gen 
Execute       source E:/Xilinx/Vivado/2017.4/common/technology/xilinx/common/xilinx_fpv6.gen 
Command       ap_source returned 0; 0.002 sec.
Command     ap_source returned 0; 0.002 sec.
Execute     source E:/smez/Training_to_FAEs/hls_interrupt/counterip/solution1/.autopilot/db/global.setting.tcl 
Command     ap_source returned 0; 0.002 sec.
Execute     source E:/smez/Training_to_FAEs/hls_interrupt/counterip/solution1/.autopilot/db/global.setting.tcl 
Command     ap_source returned 0; 0.002 sec.
Execute     source E:/Xilinx/Vivado/2017.4/common/technology/generic/autopilot/common.gen 
Execute       source E:/Xilinx/Vivado/2017.4/common/technology/generic/autopilot/APCoreGen.gen 
Command       ap_source returned 0; 0.001 sec.
Command     ap_source returned 0; 0.001 sec.
Execute     source E:/Xilinx/Vivado/2017.4/common/technology/generic/autopilot/op.gen 
Command     ap_source returned 0; 0 sec.
Execute     source E:/Xilinx/Vivado/2017.4/common/technology/generic/autopilot/op_simcore.gen 
Command     ap_source returned 0; 0.002 sec.
Execute     source E:/Xilinx/Vivado/2017.4/common/technology/generic/autopilot/interface.gen 
Command     ap_source returned 0; 0 sec.
Execute     source E:/smez/Training_to_FAEs/hls_interrupt/counterip/solution1/.autopilot/db/global.setting.tcl 
Command     ap_source returned 0; 0.002 sec.
Execute     source E:/Xilinx/Vivado/2017.4/common/technology/xilinx/zynquplus/zynquplus.gen 
Execute       source E:/Xilinx/Vivado/2017.4/common/technology/xilinx/common/virtex.gen 
Execute         source E:/Xilinx/Vivado/2017.4/common/technology/xilinx/common/xilinx.gen 
Execute           source E:/Xilinx/Vivado/2017.4/common/technology/xilinx/interface/plb46.gen 
Command           ap_source returned 0; 0.001 sec.
Execute           source E:/Xilinx/Vivado/2017.4/common/technology/xilinx/interface/fsl.gen 
Command           ap_source returned 0; 0.001 sec.
Execute           source E:/Xilinx/Vivado/2017.4/common/technology/xilinx/interface/axi4.gen 
Command           ap_source returned 0; 0.002 sec.
Execute           source E:/Xilinx/Vivado/2017.4/common/technology/xilinx/interface/nativeAXI4.gen 
Execute             source E:/Xilinx/Vivado/2017.4/common/technology/xilinx/interface/saxilite.gen 
Command             ap_source returned 0; 0.003 sec.
Execute             source E:/Xilinx/Vivado/2017.4/common/technology/xilinx/interface/maxi.gen 
Command             ap_source returned 0; 0.009 sec.
Command           ap_source returned 0; 0.013 sec.
Execute           source E:/Xilinx/Vivado/2017.4/common/technology/xilinx/scripts/xilinxcoregen.gen 
Command           ap_source returned 0; 0.012 sec.
Execute           source E:/Xilinx/Vivado/2017.4/common/technology/xilinx/interface/XilEDKCoreGen.gen 
Command           ap_source returned 0; 0.008 sec.
Execute           source E:/Xilinx/Vivado/2017.4/common/technology/xilinx/ip/dds_compiler.gen 
Command           ap_source returned 0; 0.003 sec.
Execute           source E:/Xilinx/Vivado/2017.4/common/technology/xilinx/ip/util.gen 
Command           ap_source returned 0; 0.001 sec.
Execute           source E:/Xilinx/Vivado/2017.4/common/technology/xilinx/ip/xfft.gen 
Command           ap_source returned 0; 0.095 sec.
Execute           source E:/Xilinx/Vivado/2017.4/common/technology/xilinx/ip/xfir.gen 
Command           ap_source returned 0; 0.001 sec.
Command         ap_source returned 0; 0.139 sec.
Execute         source E:/Xilinx/Vivado/2017.4/common/technology/xilinx/common/dsp48.gen 
Command         ap_source returned 0; 0.001 sec.
Command       ap_source returned 0; 0.143 sec.
Command     ap_source returned 0; 0.144 sec.
Execute     source E:/Xilinx/Vivado/2017.4/common/technology/xilinx/zynquplus/zynquplus_fpv7.gen 
Execute       source E:/Xilinx/Vivado/2017.4/common/technology/xilinx/common/xilinx_fpv6.gen 
Command       ap_source returned 0; 0.002 sec.
Command     ap_source returned 0; 0.002 sec.
Execute     source E:/smez/Training_to_FAEs/hls_interrupt/counterip/solution1/.autopilot/db/global.setting.tcl 
Command     ap_source returned 0; 0.007 sec.
Execute     source E:/smez/Training_to_FAEs/hls_interrupt/counterip/solution1/.autopilot/db/global.setting.tcl 
Command     ap_source returned 0; 0.001 sec.
Execute     source E:/smez/Training_to_FAEs/hls_interrupt/counterip/solution1/.autopilot/db/global.setting.tcl 
Command     ap_source returned 0; 0.002 sec.
Execute     source E:/Xilinx/Vivado/2017.4/common/technology/generic/autopilot/common.gen 
Execute       source E:/Xilinx/Vivado/2017.4/common/technology/generic/autopilot/APCoreGen.gen 
Command       ap_source returned 0; 0.001 sec.
Command     ap_source returned 0; 0.002 sec.
Execute     source E:/Xilinx/Vivado/2017.4/common/technology/generic/autopilot/op.gen 
Command     ap_source returned 0; 0 sec.
Execute     source E:/Xilinx/Vivado/2017.4/common/technology/generic/autopilot/op_simcore.gen 
Command     ap_source returned 0; 0.002 sec.
Execute     source E:/Xilinx/Vivado/2017.4/common/technology/generic/autopilot/interface.gen 
Command     ap_source returned 0; 0.001 sec.
Execute     source E:/smez/Training_to_FAEs/hls_interrupt/counterip/solution1/.autopilot/db/global.setting.tcl 
Command     ap_source returned 0; 0.002 sec.
Execute     source E:/Xilinx/Vivado/2017.4/common/technology/xilinx/zynquplus/zynquplus.gen 
Execute       source E:/Xilinx/Vivado/2017.4/common/technology/xilinx/common/virtex.gen 
Execute         source E:/Xilinx/Vivado/2017.4/common/technology/xilinx/common/xilinx.gen 
Execute           source E:/Xilinx/Vivado/2017.4/common/technology/xilinx/interface/plb46.gen 
Command           ap_source returned 0; 0.002 sec.
Execute           source E:/Xilinx/Vivado/2017.4/common/technology/xilinx/interface/fsl.gen 
Command           ap_source returned 0; 0 sec.
Execute           source E:/Xilinx/Vivado/2017.4/common/technology/xilinx/interface/axi4.gen 
Command           ap_source returned 0; 0.002 sec.
Execute           source E:/Xilinx/Vivado/2017.4/common/technology/xilinx/interface/nativeAXI4.gen 
Execute             source E:/Xilinx/Vivado/2017.4/common/technology/xilinx/interface/saxilite.gen 
Command             ap_source returned 0; 0.003 sec.
Execute             source E:/Xilinx/Vivado/2017.4/common/technology/xilinx/interface/maxi.gen 
Command             ap_source returned 0; 0.007 sec.
Command           ap_source returned 0; 0.012 sec.
Execute           source E:/Xilinx/Vivado/2017.4/common/technology/xilinx/scripts/xilinxcoregen.gen 
Command           ap_source returned 0; 0.013 sec.
Execute           source E:/Xilinx/Vivado/2017.4/common/technology/xilinx/interface/XilEDKCoreGen.gen 
Command           ap_source returned 0; 0.008 sec.
Execute           source E:/Xilinx/Vivado/2017.4/common/technology/xilinx/ip/dds_compiler.gen 
Command           ap_source returned 0; 0.003 sec.
Execute           source E:/Xilinx/Vivado/2017.4/common/technology/xilinx/ip/util.gen 
Command           ap_source returned 0; 0.001 sec.
Execute           source E:/Xilinx/Vivado/2017.4/common/technology/xilinx/ip/xfft.gen 
Command           ap_source returned 0; 0.093 sec.
Execute           source E:/Xilinx/Vivado/2017.4/common/technology/xilinx/ip/xfir.gen 
Command           ap_source returned 0; 0.002 sec.
Command         ap_source returned 0; 0.137 sec.
Execute         source E:/Xilinx/Vivado/2017.4/common/technology/xilinx/common/dsp48.gen 
Command         ap_source returned 0; 0 sec.
Command       ap_source returned 0; 0.14 sec.
Command     ap_source returned 0; 0.14 sec.
Execute     source E:/Xilinx/Vivado/2017.4/common/technology/xilinx/zynquplus/zynquplus_fpv7.gen 
Execute       source E:/Xilinx/Vivado/2017.4/common/technology/xilinx/common/xilinx_fpv6.gen 
Command       ap_source returned 0; 0.002 sec.
Command     ap_source returned 0; 0.002 sec.
Execute     source E:/smez/Training_to_FAEs/hls_interrupt/counterip/solution1/.autopilot/db/global.setting.tcl 
Command     ap_source returned 0; 0.002 sec.
Execute     source E:/smez/Training_to_FAEs/hls_interrupt/counterip/solution1/.autopilot/db/counterip.compgen.tcl 
Command     ap_source returned 0; 0.004 sec.
Execute     source E:/smez/Training_to_FAEs/hls_interrupt/counterip/solution1/.autopilot/db/global.setting.tcl 
Command     ap_source returned 0; 0.002 sec.
Execute     source E:/smez/Training_to_FAEs/hls_interrupt/counterip/solution1/.autopilot/db/counterip.constraint.tcl 
Command     ap_source returned 0; 0.001 sec.
Execute     source E:/smez/Training_to_FAEs/hls_interrupt/counterip/solution1/.autopilot/db/counterip.tbgen.tcl 
Command     ap_source returned 0; 0.002 sec.
Execute     source E:/smez/Training_to_FAEs/hls_interrupt/counterip/solution1/.autopilot/db/global.setting.tcl 
Command     ap_source returned 0; 0.002 sec.
Execute     source E:/Xilinx/Vivado/2017.4/common/technology/generic/autopilot/common.gen 
Execute       source E:/Xilinx/Vivado/2017.4/common/technology/generic/autopilot/APCoreGen.gen 
Command       ap_source returned 0; 0.001 sec.
Command     ap_source returned 0; 0.002 sec.
Execute     source E:/Xilinx/Vivado/2017.4/common/technology/generic/autopilot/op.gen 
Command     ap_source returned 0; 0 sec.
Execute     source E:/Xilinx/Vivado/2017.4/common/technology/generic/autopilot/op_simcore.gen 
Command     ap_source returned 0; 0.002 sec.
Execute     source E:/Xilinx/Vivado/2017.4/common/technology/generic/autopilot/interface.gen 
Command     ap_source returned 0; 0 sec.
Execute     source E:/smez/Training_to_FAEs/hls_interrupt/counterip/solution1/.autopilot/db/global.setting.tcl 
Command     ap_source returned 0; 0.002 sec.
Execute     source E:/Xilinx/Vivado/2017.4/common/technology/xilinx/zynquplus/zynquplus.gen 
Execute       source E:/Xilinx/Vivado/2017.4/common/technology/xilinx/common/virtex.gen 
Execute         source E:/Xilinx/Vivado/2017.4/common/technology/xilinx/common/xilinx.gen 
Execute           source E:/Xilinx/Vivado/2017.4/common/technology/xilinx/interface/plb46.gen 
Command           ap_source returned 0; 0.001 sec.
Execute           source E:/Xilinx/Vivado/2017.4/common/technology/xilinx/interface/fsl.gen 
Command           ap_source returned 0; 0.001 sec.
Execute           source E:/Xilinx/Vivado/2017.4/common/technology/xilinx/interface/axi4.gen 
Command           ap_source returned 0; 0.002 sec.
Execute           source E:/Xilinx/Vivado/2017.4/common/technology/xilinx/interface/nativeAXI4.gen 
Execute             source E:/Xilinx/Vivado/2017.4/common/technology/xilinx/interface/saxilite.gen 
Command             ap_source returned 0; 0.004 sec.
Execute             source E:/Xilinx/Vivado/2017.4/common/technology/xilinx/interface/maxi.gen 
Command             ap_source returned 0; 0.007 sec.
Command           ap_source returned 0; 0.011 sec.
Execute           source E:/Xilinx/Vivado/2017.4/common/technology/xilinx/scripts/xilinxcoregen.gen 
Command           ap_source returned 0; 0.012 sec.
Execute           source E:/Xilinx/Vivado/2017.4/common/technology/xilinx/interface/XilEDKCoreGen.gen 
Command           ap_source returned 0; 0.009 sec.
Execute           source E:/Xilinx/Vivado/2017.4/common/technology/xilinx/ip/dds_compiler.gen 
Command           ap_source returned 0; 0.003 sec.
Execute           source E:/Xilinx/Vivado/2017.4/common/technology/xilinx/ip/util.gen 
Command           ap_source returned 0; 0.001 sec.
Execute           source E:/Xilinx/Vivado/2017.4/common/technology/xilinx/ip/xfft.gen 
Command           ap_source returned 0; 0.093 sec.
Execute           source E:/Xilinx/Vivado/2017.4/common/technology/xilinx/ip/xfir.gen 
Command           ap_source returned 0; 0.001 sec.
Command         ap_source returned 0; 0.135 sec.
Execute         source E:/Xilinx/Vivado/2017.4/common/technology/xilinx/common/dsp48.gen 
Command         ap_source returned 0; 0.001 sec.
Command       ap_source returned 0; 0.138 sec.
Command     ap_source returned 0; 0.139 sec.
Execute     source E:/Xilinx/Vivado/2017.4/common/technology/xilinx/zynquplus/zynquplus_fpv7.gen 
Execute       source E:/Xilinx/Vivado/2017.4/common/technology/xilinx/common/xilinx_fpv6.gen 
Command       ap_source returned 0; 0.002 sec.
Command     ap_source returned 0; 0.003 sec.
Execute     source E:/smez/Training_to_FAEs/hls_interrupt/counterip/solution1/.autopilot/db/global.setting.tcl 
Command     ap_source returned 0; 0.002 sec.
Command   export_design returned 0; 68.995 sec.
Command ap_source returned 0; 69.373 sec.
Execute cleanup_all 
Command cleanup_all returned 0; 0 sec.
